
Showing logs for build [32mcb-kubecd-environment-pr-242-11-v5chx-1[0m stage [32mfrom-build-pack[0m and container [32mstep-credential-initializer-nqpg2[0m
{"level":"info","ts":1593061193.2846751,"logger":"fallback-logger","caller":"logging/config.go:69","msg":"Fetch GitHub commit ID from kodata failed: open /var/run/ko/refs/heads/0.8.0-ns-support: no such file or directory"}
{"level":"info","ts":1593061193.2849662,"logger":"fallback-logger","caller":"creds-init/main.go:40","msg":"Credentials initialized."}

Showing logs for build [32mcb-kubecd-environment-pr-242-11-v5chx-1[0m stage [32mfrom-build-pack[0m and container [32mstep-working-dir-initializer-gjzdt[0m
{"level":"info","ts":1593061193.8408494,"logger":"fallback-logger","caller":"logging/config.go:69","msg":"Fetch GitHub commit ID from kodata failed: open /var/run/ko/HEAD: no such file or directory"}
{"level":"info","ts":1593061193.8415778,"logger":"fallback-logger","caller":"bash/main.go:64","msg":"Successfully executed command \"sh -c mkdir -p /workspace/source\"; output "}

Showing logs for build [32mcb-kubecd-environment-pr-242-11-v5chx-1[0m stage [32mfrom-build-pack[0m and container [32mstep-place-tools[0m

Showing logs for build [32mcb-kubecd-environment-pr-242-11-v5chx-1[0m stage [32mfrom-build-pack[0m and container [32mstep-git-source-cb-kubecd-environment-pr-242-11-v5chx-x6fhn[0m
{"level":"info","ts":1593061197.939026,"logger":"fallback-logger","caller":"logging/config.go:69","msg":"Fetch GitHub commit ID from kodata failed: open /var/run/ko/refs/heads/0.8.0-ns-support: no such file or directory"}
{"level":"info","ts":1593061198.1325061,"logger":"fallback-logger","caller":"git/git.go:103","msg":"Successfully cloned https://github.com/cb-kubecd/environment-pr-242-11-boot-eks-staging.git @ master in path /workspace/source"}

Showing logs for build [32mcb-kubecd-environment-pr-242-11-v5chx-1[0m stage [32mfrom-build-pack[0m and container [32mstep-git-merge[0m
Using SHAs from PULL_REFS=master:566a79db041ccb94067387af33128ffeeffaeb27,4:e42bf7c155885b49125c8cf594b90f9969e58cb9
DEBUG: JX_LOG_LEVEL=error LC_ALL=C git fetch origin --unshallow e42bf7c155885b49125c8cf594b90f9969e58cb9: 566a79db041ccb94067387af33128ffeeffaeb27:
DEBUG: ran git fetch --unshallow origin e42bf7c155885b49125c8cf594b90f9969e58cb9: 566a79db041ccb94067387af33128ffeeffaeb27: in 
DEBUG: JX_LOG_LEVEL=error LC_ALL=C git branch
DEBUG: LC_ALL=C JX_LOG_LEVEL=error git checkout master
DEBUG: ran git checkout master in 
DEBUG: LC_ALL=C JX_LOG_LEVEL=error git reset --hard 566a79db041ccb94067387af33128ffeeffaeb27
DEBUG: ran git reset --hard 566a79db041ccb94067387af33128ffeeffaeb27 in 
DEBUG: LC_ALL=C JX_LOG_LEVEL=error git clean -fd .
DEBUG: ran clean --force -d . in 
DEBUG: LC_ALL=C JX_LOG_LEVEL=error git merge e42bf7c155885b49125c8cf594b90f9969e58cb9
DEBUG: ran git merge e42bf7c155885b49125c8cf594b90f9969e58cb9 in 
DEBUG: LC_ALL=C JX_LOG_LEVEL=error git log --format=%H%x1f%an%x1f%ae%x1f%cn%x1f%ce%x1f%s%n%b%x1e 566a79db041ccb94067387af33128ffeeffaeb27..HEAD
Merged SHA e42bf7c155885b49125c8cf594b90f9969e58cb9 with commit message 'chore: Promote bdd-gh-1593054895 to version 0.0.1' into base branch master

Showing logs for build [32mcb-kubecd-environment-pr-242-11-v5chx-1[0m stage [32mfrom-build-pack[0m and container [32mstep-build-helm-build[0m
WARNING: No $CHART_REPOSITORY defined so using the default value of: http://jenkins-x-chartmuseum:8080
Adding missing Helm repo: storage.googleapis.com https://storage.googleapis.com/chartmuseum.jenkins-x.io
WARNING: No secrets found on "helm/repos" due: reading the secret "helm/repos" from vault: no secret "helm/repos" not found in vault
Read credentials for https://storage.googleapis.com/chartmuseum.jenkins-x.io from vault helm/repos
Successfully added Helm repository storage.googleapis.com.
Adding missing Helm repo: jenkins-x-chartmuseum http://jenkins-x-chartmuseum:8080
WARNING: No secrets found on "helm/repos" due: reading the secret "helm/repos" from vault: no secret "helm/repos" not found in vault
Read credentials for http://jenkins-x-chartmuseum:8080 from vault helm/repos
Successfully added Helm repository jenkins-x-chartmuseum.
WARNING: No $CHART_REPOSITORY defined so using the default value of: http://jenkins-x-chartmuseum:8080
Adding missing Helm repo: chartmuseum.jenkins-x.io http://chartmuseum.jenkins-x.io
WARNING: No secrets found on "helm/repos" due: reading the secret "helm/repos" from vault: no secret "helm/repos" not found in vault
Read credentials for http://chartmuseum.jenkins-x.io from vault helm/repos
Successfully added Helm repository chartmuseum.jenkins-x.io.
